<?xml version="1.0" encoding="UTF-8"?>
<testng-results total="1" passed="1" failed="0" skipped="0">
  <reporter-output>
  </reporter-output>
  <suite started-at="2020-07-12T21:09:38Z" name="Default suite" finished-at="2020-07-12T21:09:58Z" duration-ms="19942">
    <groups>
    </groups>
    <test started-at="2020-07-12T21:09:38Z" name="Default test" finished-at="2020-07-12T21:09:58Z" duration-ms="19942">
      <class name="com.crm.qa.testcases.LoginPageTest">
        <test-method is-config="true" signature="setup()[pri:0, instance:com.crm.qa.testcases.LoginPageTest@4a883b15]" started-at="2020-07-12T16:09:38Z" name="setup" finished-at="2020-07-12T16:09:45Z" duration-ms="7136" status="PASS">
          <reporter-output>
          </reporter-output>
        </test-method> <!-- setup -->
        <test-method signature="loginTest()[pri:0, instance:com.crm.qa.testcases.LoginPageTest@4a883b15]" started-at="2020-07-12T16:09:45Z" name="loginTest" finished-at="2020-07-12T16:09:57Z" duration-ms="12050" status="PASS">
          <reporter-output>
          </reporter-output>
        </test-method> <!-- loginTest -->
        <test-method is-config="true" signature="teardown()[pri:0, instance:com.crm.qa.testcases.LoginPageTest@4a883b15]" started-at="2020-07-12T16:09:57Z" name="teardown" finished-at="2020-07-12T16:09:58Z" duration-ms="733" status="PASS">
          <reporter-output>
          </reporter-output>
        </test-method> <!-- teardown -->
      </class> <!-- com.crm.qa.testcases.LoginPageTest -->
    </test> <!-- Default test -->
  </suite> <!-- Default suite -->
</testng-results>
